2017-05-14 10:04:48,074 [Worker-4] INFO  o.e.m.c.i.l.LifecycleMappingFactory - Using NULL lifecycle mapping for MavenProject: swt1:iMage:0.0.1-SNAPSHOT @ F:\KIT\4te Semester\SoftwareTechnik\Workspace3\iMage\pom.xml.
2017-05-14 10:04:59,719 [Worker-4] INFO  o.e.m.c.i.l.LifecycleMappingFactory - Using org.eclipse.m2e.jdt.JarLifecycleMapping lifecycle mapping for MavenProject: swt1:jmjrst.main:0.0.1-SNAPSHOT @ F:\KIT\4te Semester\SoftwareTechnik\Workspace3\iMage\jmjrst.main\pom.xml.
2017-05-14 10:05:00,725 [Worker-4] INFO  o.e.m.c.i.e.AbstractTransferListenerAdapter - Downloaded http://bob.ipd.kit.edu/nexus/content/repositories/swt1/org/mockito/mockito-all/1.9.5/mockito-all-1.9.5.pom
2017-05-14 10:05:00,810 [Worker-4] INFO  o.e.m.c.i.e.AbstractTransferListenerAdapter - Downloading http://repo.maven.apache.org/maven2/org/mockito/mockito-all/1.9.5/mockito-all-1.9.5.pom
2017-05-14 10:05:00,926 [Worker-4] INFO  o.e.m.c.i.e.AbstractTransferListenerAdapter - Downloaded http://repo.maven.apache.org/maven2/org/mockito/mockito-all/1.9.5/mockito-all-1.9.5.pom
2017-05-14 10:05:00,980 [Worker-4] INFO  o.e.m.c.i.e.AbstractTransferListenerAdapter - Downloaded http://bob.ipd.kit.edu/nexus/content/repositories/swt1/org/mockito/mockito-all/1.9.5/mockito-all-1.9.5.jar
2017-05-14 10:05:01,011 [Worker-4] INFO  o.e.m.c.i.e.AbstractTransferListenerAdapter - Downloading http://repo.maven.apache.org/maven2/org/mockito/mockito-all/1.9.5/mockito-all-1.9.5.jar
2017-05-14 10:05:01,448 [Worker-4] INFO  o.e.m.c.i.e.AbstractTransferListenerAdapter - Downloaded http://repo.maven.apache.org/maven2/org/mockito/mockito-all/1.9.5/mockito-all-1.9.5.jar
2017-05-14 10:05:02,166 [Worker-4] WARN  o.e.m.c.i.embedder.EclipseLogger - Failed to dispatch repository event to org.eclipse.m2e.core.internal.embedder.EclipseRepositoryListener: null
2017-05-14 10:05:03,035 [Worker-7] INFO  o.e.m.c.i.l.LifecycleMappingFactory - Using NULL lifecycle mapping for MavenProject: swt1:iMage:0.0.1-SNAPSHOT @ F:\KIT\4te Semester\SoftwareTechnik\Workspace3\iMage\pom.xml.
2017-05-14 10:05:03,153 [Worker-7] INFO  o.e.m.c.i.l.LifecycleMappingFactory - Using org.eclipse.m2e.jdt.JarLifecycleMapping lifecycle mapping for MavenProject: swt1:jmjrst.main:0.0.1-SNAPSHOT @ F:\KIT\4te Semester\SoftwareTechnik\Workspace3\iMage\jmjrst.main\pom.xml.
2017-05-14 10:05:06,796 [Worker-7] INFO  o.e.m.c.i.l.LifecycleMappingFactory - Using org.eclipse.m2e.jdt.JarLifecycleMapping lifecycle mapping for MavenProject: swt1:jmjrst.main:0.0.1-SNAPSHOT @ F:\KIT\4te Semester\SoftwareTechnik\Workspace3\iMage\jmjrst.main\pom.xml.
2017-05-14 10:05:06,812 [Worker-4] INFO  o.e.m.j.i.AbstractJavaProjectConfigurator - Adding source folder /jmjrst.main/src/main/java
2017-05-14 10:05:06,812 [Worker-4] INFO  o.e.m.j.i.AbstractJavaProjectConfigurator - Adding resource folder /jmjrst.main/src/main/resources
2017-05-14 10:05:06,858 [Worker-4] INFO  o.e.m.j.i.AbstractJavaProjectConfigurator - Adding source folder /jmjrst.main/src/test/java
2017-05-14 10:05:06,858 [Worker-4] INFO  o.e.m.j.i.AbstractJavaProjectConfigurator - Adding resource folder /jmjrst.main/src/test/resources
2017-05-14 10:05:08,300 [Worker-4] INFO  o.e.m.c.i.p.ProjectConfigurationManager - Imported and configured 2 project(s) in 21 sec
2017-05-14 10:05:12,779 [Worker-4] INFO  o.e.m.c.i.l.LifecycleMappingFactory - Using org.eclipse.m2e.jdt.JarLifecycleMapping lifecycle mapping for MavenProject: swt1:jmjrst.main:0.0.1-SNAPSHOT @ F:\KIT\4te Semester\SoftwareTechnik\Workspace3\iMage\jmjrst.main\pom.xml.
2017-05-14 10:05:12,894 [Worker-4] INFO  o.e.m.c.i.embedder.EclipseLogger - Using 'UTF-8' encoding to copy filtered resources.
2017-05-14 10:05:12,910 [Worker-4] INFO  o.e.m.c.i.embedder.EclipseLogger - Copying 19 resources
2017-05-14 10:05:12,957 [Worker-4] INFO  o.e.m.c.i.embedder.EclipseLogger - Using 'UTF-8' encoding to copy filtered resources.
2017-05-14 10:05:12,957 [Worker-4] INFO  o.e.m.c.i.embedder.EclipseLogger - Copying 2 resources
2017-05-14 10:11:28,159 [Worker-5] INFO  o.e.m.c.i.embedder.EclipseLogger - Using 'UTF-8' encoding to copy filtered resources.
2017-05-14 10:11:28,175 [Worker-5] INFO  o.e.m.c.i.embedder.EclipseLogger - Copying 19 resources
2017-05-14 10:11:28,175 [Worker-5] INFO  o.e.m.c.i.embedder.EclipseLogger - Using 'UTF-8' encoding to copy filtered resources.
2017-05-14 10:11:28,175 [Worker-5] INFO  o.e.m.c.i.embedder.EclipseLogger - Copying 2 resources
2017-05-14 10:12:10,805 [Worker-1] INFO  o.e.m.c.i.embedder.EclipseLogger - Using 'UTF-8' encoding to copy filtered resources.
2017-05-14 10:12:10,805 [Worker-1] INFO  o.e.m.c.i.embedder.EclipseLogger - Copying 19 resources
2017-05-14 10:12:10,805 [Worker-1] INFO  o.e.m.c.i.embedder.EclipseLogger - Using 'UTF-8' encoding to copy filtered resources.
2017-05-14 10:12:10,805 [Worker-1] INFO  o.e.m.c.i.embedder.EclipseLogger - Copying 0 resource
